
Circuit 1 cell sky130_fd_pr__nfet_01v8 and Circuit 2 cell sky130_fd_pr__nfet_01v8 are black boxes.
Warning: Equate pins:  cell sky130_fd_pr__nfet_01v8 is a placeholder, treated as a black box.
Warning: Equate pins:  cell sky130_fd_pr__nfet_01v8 is a placeholder, treated as a black box.

Subcircuit pins:
Circuit 1: sky130_fd_pr__nfet_01v8         |Circuit 2: sky130_fd_pr__nfet_01v8         
-------------------------------------------|-------------------------------------------
1                                          |1                                          
2                                          |2                                          
3                                          |3                                          
4                                          |4                                          
---------------------------------------------------------------------------------------
Cell pin lists are equivalent.
Device classes sky130_fd_pr__nfet_01v8 and sky130_fd_pr__nfet_01v8 are equivalent.

Circuit 1 cell sky130_fd_pr__pfet_01v8_hvt and Circuit 2 cell sky130_fd_pr__pfet_01v8_hvt are black boxes.
Warning: Equate pins:  cell sky130_fd_pr__pfet_01v8_hvt is a placeholder, treated as a black box.
Warning: Equate pins:  cell sky130_fd_pr__pfet_01v8_hvt is a placeholder, treated as a black box.

Subcircuit pins:
Circuit 1: sky130_fd_pr__pfet_01v8_hvt     |Circuit 2: sky130_fd_pr__pfet_01v8_hvt     
-------------------------------------------|-------------------------------------------
1                                          |1                                          
2                                          |2                                          
3                                          |3                                          
4                                          |4                                          
---------------------------------------------------------------------------------------
Cell pin lists are equivalent.
Device classes sky130_fd_pr__pfet_01v8_hvt and sky130_fd_pr__pfet_01v8_hvt are equivalent.

Subcircuit summary:
Circuit 1: sky130_fd_sc_hd__nor4_1         |Circuit 2: sky130_fd_sc_hd__nor4_1         
-------------------------------------------|-------------------------------------------
sky130_fd_pr__nfet_01v8 (4)                |sky130_fd_pr__nfet_01v8 (4)                
sky130_fd_pr__pfet_01v8_hvt (4)            |sky130_fd_pr__pfet_01v8_hvt (4)            
Number of devices: 8                       |Number of devices: 8                       
Number of nets: 12                         |Number of nets: 12                         
---------------------------------------------------------------------------------------
Netlists match uniquely.

Subcircuit pins:
Circuit 1: sky130_fd_sc_hd__nor4_1         |Circuit 2: sky130_fd_sc_hd__nor4_1         
-------------------------------------------|-------------------------------------------
VPWR                                       |VPWR                                       
Y                                          |Y                                          
C                                          |C                                          
B                                          |B                                          
A                                          |A                                          
D                                          |D                                          
VGND                                       |VGND                                       
VNB                                        |VNB                                        
VPB                                        |VPB                                        
---------------------------------------------------------------------------------------
Cell pin lists are equivalent.
Device classes sky130_fd_sc_hd__nor4_1 and sky130_fd_sc_hd__nor4_1 are equivalent.

Subcircuit summary:
Circuit 1: sky130_fd_sc_hd__nor2_1         |Circuit 2: sky130_fd_sc_hd__nor2_1         
-------------------------------------------|-------------------------------------------
sky130_fd_pr__pfet_01v8_hvt (2)            |sky130_fd_pr__pfet_01v8_hvt (2)            
sky130_fd_pr__nfet_01v8 (2)                |sky130_fd_pr__nfet_01v8 (2)                
Number of devices: 4                       |Number of devices: 4                       
Number of nets: 8                          |Number of nets: 8                          
---------------------------------------------------------------------------------------
Netlists match uniquely.

Subcircuit pins:
Circuit 1: sky130_fd_sc_hd__nor2_1         |Circuit 2: sky130_fd_sc_hd__nor2_1         
-------------------------------------------|-------------------------------------------
Y                                          |Y                                          
VPWR                                       |VPWR                                       
A                                          |A                                          
VPB                                        |VPB                                        
VGND                                       |VGND                                       
VNB                                        |VNB                                        
B                                          |B                                          
---------------------------------------------------------------------------------------
Cell pin lists are equivalent.
Device classes sky130_fd_sc_hd__nor2_1 and sky130_fd_sc_hd__nor2_1 are equivalent.

Subcircuit summary:
Circuit 1: sky130_fd_sc_hd__or2_1          |Circuit 2: sky130_fd_sc_hd__or2_1          
-------------------------------------------|-------------------------------------------
sky130_fd_pr__pfet_01v8_hvt (3)            |sky130_fd_pr__pfet_01v8_hvt (3)            
sky130_fd_pr__nfet_01v8 (3)                |sky130_fd_pr__nfet_01v8 (3)                
Number of devices: 6                       |Number of devices: 6                       
Number of nets: 9                          |Number of nets: 9                          
---------------------------------------------------------------------------------------
Netlists match uniquely.

Subcircuit pins:
Circuit 1: sky130_fd_sc_hd__or2_1          |Circuit 2: sky130_fd_sc_hd__or2_1          
-------------------------------------------|-------------------------------------------
VGND                                       |VGND                                       
VNB                                        |VNB                                        
VPB                                        |VPB                                        
A                                          |A                                          
B                                          |B                                          
X                                          |X                                          
VPWR                                       |VPWR                                       
---------------------------------------------------------------------------------------
Cell pin lists are equivalent.
Device classes sky130_fd_sc_hd__or2_1 and sky130_fd_sc_hd__or2_1 are equivalent.

Subcircuit summary:
Circuit 1: sky130_fd_sc_hd__and2_1         |Circuit 2: sky130_fd_sc_hd__and2_1         
-------------------------------------------|-------------------------------------------
sky130_fd_pr__nfet_01v8 (3)                |sky130_fd_pr__nfet_01v8 (3)                
sky130_fd_pr__pfet_01v8_hvt (3)            |sky130_fd_pr__pfet_01v8_hvt (3)            
Number of devices: 6                       |Number of devices: 6                       
Number of nets: 9                          |Number of nets: 9                          
---------------------------------------------------------------------------------------
Netlists match uniquely.

Subcircuit pins:
Circuit 1: sky130_fd_sc_hd__and2_1         |Circuit 2: sky130_fd_sc_hd__and2_1         
-------------------------------------------|-------------------------------------------
VPWR                                       |VPWR                                       
VPB                                        |VPB                                        
VNB                                        |VNB                                        
B                                          |B                                          
X                                          |X                                          
VGND                                       |VGND                                       
A                                          |A                                          
---------------------------------------------------------------------------------------
Cell pin lists are equivalent.
Device classes sky130_fd_sc_hd__and2_1 and sky130_fd_sc_hd__and2_1 are equivalent.

Subcircuit summary:
Circuit 1: sky130_fd_sc_hd__inv_1          |Circuit 2: sky130_fd_sc_hd__inv_1          
-------------------------------------------|-------------------------------------------
sky130_fd_pr__nfet_01v8 (1)                |sky130_fd_pr__nfet_01v8 (1)                
sky130_fd_pr__pfet_01v8_hvt (1)            |sky130_fd_pr__pfet_01v8_hvt (1)            
Number of devices: 2                       |Number of devices: 2                       
Number of nets: 6                          |Number of nets: 6                          
---------------------------------------------------------------------------------------
Netlists match uniquely.

Subcircuit pins:
Circuit 1: sky130_fd_sc_hd__inv_1          |Circuit 2: sky130_fd_sc_hd__inv_1          
-------------------------------------------|-------------------------------------------
Y                                          |Y                                          
A                                          |A                                          
VGND                                       |VGND                                       
VNB                                        |VNB                                        
VPWR                                       |VPWR                                       
VPB                                        |VPB                                        
---------------------------------------------------------------------------------------
Cell pin lists are equivalent.
Device classes sky130_fd_sc_hd__inv_1 and sky130_fd_sc_hd__inv_1 are equivalent.

Subcircuit summary:
Circuit 1: sky130_fd_sc_hd__and4_1         |Circuit 2: sky130_fd_sc_hd__and4_1         
-------------------------------------------|-------------------------------------------
sky130_fd_pr__nfet_01v8 (5)                |sky130_fd_pr__nfet_01v8 (5)                
sky130_fd_pr__pfet_01v8_hvt (5)            |sky130_fd_pr__pfet_01v8_hvt (5)            
Number of devices: 10                      |Number of devices: 10                      
Number of nets: 13                         |Number of nets: 13                         
---------------------------------------------------------------------------------------
Netlists match uniquely.

Subcircuit pins:
Circuit 1: sky130_fd_sc_hd__and4_1         |Circuit 2: sky130_fd_sc_hd__and4_1         
-------------------------------------------|-------------------------------------------
VPWR                                       |VPWR                                       
VPB                                        |VPB                                        
VNB                                        |VNB                                        
X                                          |X                                          
A                                          |A                                          
B                                          |B                                          
D                                          |D                                          
C                                          |C                                          
VGND                                       |VGND                                       
---------------------------------------------------------------------------------------
Cell pin lists are equivalent.
Device classes sky130_fd_sc_hd__and4_1 and sky130_fd_sc_hd__and4_1 are equivalent.

Subcircuit summary:
Circuit 1: sky130_fd_sc_hd__nand2_1        |Circuit 2: sky130_fd_sc_hd__nand2_1        
-------------------------------------------|-------------------------------------------
sky130_fd_pr__pfet_01v8_hvt (2)            |sky130_fd_pr__pfet_01v8_hvt (2)            
sky130_fd_pr__nfet_01v8 (2)                |sky130_fd_pr__nfet_01v8 (2)                
Number of devices: 4                       |Number of devices: 4                       
Number of nets: 8                          |Number of nets: 8                          
---------------------------------------------------------------------------------------
Netlists match uniquely.

Subcircuit pins:
Circuit 1: sky130_fd_sc_hd__nand2_1        |Circuit 2: sky130_fd_sc_hd__nand2_1        
-------------------------------------------|-------------------------------------------
VGND                                       |VGND                                       
VPWR                                       |VPWR                                       
A                                          |A                                          
VPB                                        |VPB                                        
VNB                                        |VNB                                        
B                                          |B                                          
Y                                          |Y                                          
---------------------------------------------------------------------------------------
Cell pin lists are equivalent.
Device classes sky130_fd_sc_hd__nand2_1 and sky130_fd_sc_hd__nand2_1 are equivalent.

Subcircuit summary:
Circuit 1: sky130_fd_sc_hd__and3_1         |Circuit 2: sky130_fd_sc_hd__and3_1         
-------------------------------------------|-------------------------------------------
sky130_fd_pr__nfet_01v8 (4)                |sky130_fd_pr__nfet_01v8 (4)                
sky130_fd_pr__pfet_01v8_hvt (4)            |sky130_fd_pr__pfet_01v8_hvt (4)            
Number of devices: 8                       |Number of devices: 8                       
Number of nets: 11                         |Number of nets: 11                         
---------------------------------------------------------------------------------------
Netlists match uniquely.

Subcircuit pins:
Circuit 1: sky130_fd_sc_hd__and3_1         |Circuit 2: sky130_fd_sc_hd__and3_1         
-------------------------------------------|-------------------------------------------
VPWR                                       |VPWR                                       
VPB                                        |VPB                                        
VNB                                        |VNB                                        
A                                          |A                                          
B                                          |B                                          
C                                          |C                                          
VGND                                       |VGND                                       
X                                          |X                                          
---------------------------------------------------------------------------------------
Cell pin lists are equivalent.
Device classes sky130_fd_sc_hd__and3_1 and sky130_fd_sc_hd__and3_1 are equivalent.

Subcircuit summary:
Circuit 1: sky130_fd_sc_hd__mux2_1         |Circuit 2: sky130_fd_sc_hd__mux2_1         
-------------------------------------------|-------------------------------------------
sky130_fd_pr__pfet_01v8_hvt (6)            |sky130_fd_pr__pfet_01v8_hvt (6)            
sky130_fd_pr__nfet_01v8 (6)                |sky130_fd_pr__nfet_01v8 (6)                
Number of devices: 12                      |Number of devices: 12                      
Number of nets: 14                         |Number of nets: 14                         
---------------------------------------------------------------------------------------
Netlists match uniquely.

Subcircuit pins:
Circuit 1: sky130_fd_sc_hd__mux2_1         |Circuit 2: sky130_fd_sc_hd__mux2_1         
-------------------------------------------|-------------------------------------------
VPB                                        |VPB                                        
VNB                                        |VNB                                        
A0                                         |A0                                         
A1                                         |A1                                         
X                                          |X                                          
VPWR                                       |VPWR                                       
S                                          |S                                          
VGND                                       |VGND                                       
---------------------------------------------------------------------------------------
Cell pin lists are equivalent.
Device classes sky130_fd_sc_hd__mux2_1 and sky130_fd_sc_hd__mux2_1 are equivalent.

Subcircuit summary:
Circuit 1: zlc_4bit                        |Circuit 2: zlc_4bit                        
-------------------------------------------|-------------------------------------------
sky130_fd_sc_hd__nor4_1 (1)                |sky130_fd_sc_hd__nor4_1 (1)                
sky130_fd_sc_hd__nor2_1 (1)                |sky130_fd_sc_hd__nor2_1 (1)                
sky130_fd_sc_hd__or2_1 (2)                 |sky130_fd_sc_hd__or2_1 (2)                 
sky130_fd_sc_hd__and2_1 (3)                |sky130_fd_sc_hd__and2_1 (3)                
sky130_fd_sc_hd__inv_1 (2)                 |sky130_fd_sc_hd__inv_1 (2)                 
Number of devices: 9                       |Number of devices: 9                       
Number of nets: 15                         |Number of nets: 15                         
---------------------------------------------------------------------------------------
Netlists match uniquely.

Subcircuit pins:
Circuit 1: zlc_4bit                        |Circuit 2: zlc_4bit                        
-------------------------------------------|-------------------------------------------
Z[2]                                       |Z[2]                                       
Z[0]                                       |Z[0]                                       
Z[1]                                       |Z[1]                                       
GND                                        |GND                                        
VDD                                        |VDD                                        
A[3]                                       |A[3]                                       
A[2]                                       |A[2]                                       
A[1]                                       |A[1]                                       
A[0]                                       |A[0]                                       
---------------------------------------------------------------------------------------
Cell pin lists are equivalent.
Device classes zlc_4bit and zlc_4bit are equivalent.

Subcircuit summary:
Circuit 1: zlc_16bit                       |Circuit 2: zlc_16bit                       
-------------------------------------------|-------------------------------------------
sky130_fd_sc_hd__and4_1 (1)                |sky130_fd_sc_hd__and4_1 (1)                
sky130_fd_sc_hd__nand2_1 (1)               |sky130_fd_sc_hd__nand2_1 (1)               
sky130_fd_sc_hd__and3_1 (1)                |sky130_fd_sc_hd__and3_1 (1)                
sky130_fd_sc_hd__inv_1 (2)                 |sky130_fd_sc_hd__inv_1 (2)                 
sky130_fd_sc_hd__and2_1 (2)                |sky130_fd_sc_hd__and2_1 (2)                
sky130_fd_sc_hd__or2_1 (1)                 |sky130_fd_sc_hd__or2_1 (1)                 
sky130_fd_sc_hd__mux2_1 (6)                |sky130_fd_sc_hd__mux2_1 (6)                
zlc_4bit (4)                               |zlc_4bit (4)                               
Number of devices: 18                      |Number of devices: 18                      
Number of nets: 44 **Mismatch**            |Number of nets: 45 **Mismatch**            
---------------------------------------------------------------------------------------
NET mismatches: Class fragments follow (with fanout counts):
Circuit 1: zlc_16bit                       |Circuit 2: zlc_16bit                       

---------------------------------------------------------------------------------------
Net: net2                                  |Net: x4/Z[0]                               
  sky130_fd_sc_hd__inv_1/Y = 1             |  zlc_4bit/Z[0] = 1                        
  sky130_fd_sc_hd__and2_1/B = 1            |                                           
                                           |                                           
Net: net3                                  |Net: x17/A1                                
  sky130_fd_sc_hd__or2_1/B = 1             |  sky130_fd_sc_hd__mux2_1/A1 = 1           
  sky130_fd_sc_hd__and2_1/X = 1            |                                           
                                           |                                           
Net: Z2[0]                                 |Net: x16/A1                                
  sky130_fd_sc_hd__mux2_1/A1 = 1           |  zlc_4bit/Z[0] = 1                        
  zlc_4bit/Z[0] = 1                        |  sky130_fd_sc_hd__mux2_1/A1 = 1           
                                           |                                           
Net: Z0[0]                                 |Net: x9/Y                                  
  sky130_fd_sc_hd__mux2_1/A1 = 1           |  sky130_fd_sc_hd__inv_1/Y = 1             
  zlc_4bit/Z[0] = 1                        |  sky130_fd_sc_hd__and2_1/A = 1            
                                           |                                           
(no matching net)                          |Net: x11/B                                 
                                           |  sky130_fd_sc_hd__and2_1/X = 1            
                                           |  sky130_fd_sc_hd__or2_1/B = 1             
---------------------------------------------------------------------------------------

---------------------------------------------------------------------------------------
Net: Z3[0]                                 |Net: x16/A0                                
  sky130_fd_sc_hd__mux2_1/A0 = 1           |  sky130_fd_sc_hd__mux2_1/A0 = 1           
  zlc_4bit/Z[0] = 1                        |  zlc_4bit/Z[0] = 1                        
---------------------------------------------------------------------------------------

---------------------------------------------------------------------------------------
Net: Z2[1]                                 |Net: x13/A1                                
  sky130_fd_sc_hd__mux2_1/A1 = 1           |  sky130_fd_sc_hd__mux2_1/A1 = 1           
  zlc_4bit/Z[1] = 1                        |  zlc_4bit/Z[1] = 1                        
---------------------------------------------------------------------------------------

---------------------------------------------------------------------------------------
Net: Z3[1]                                 |Net: x13/A0                                
  sky130_fd_sc_hd__mux2_1/A0 = 1           |  sky130_fd_sc_hd__mux2_1/A0 = 1           
  zlc_4bit/Z[1] = 1                        |  zlc_4bit/Z[1] = 1                        
---------------------------------------------------------------------------------------

---------------------------------------------------------------------------------------
Net: A[8]                                  |Net: A[8]                                  
  zlc_4bit/A[0] = 1                        |  zlc_4bit/A[0] = 1                        
                                           |                                           
Net: A[12]                                 |Net: A[12]                                 
  zlc_4bit/A[0] = 1                        |  zlc_4bit/A[0] = 1                        
---------------------------------------------------------------------------------------

---------------------------------------------------------------------------------------
Net: A[9]                                  |Net: A[9]                                  
  zlc_4bit/A[1] = 1                        |  zlc_4bit/A[1] = 1                        
                                           |                                           
Net: A[13]                                 |Net: A[13]                                 
  zlc_4bit/A[1] = 1                        |  zlc_4bit/A[1] = 1                        
---------------------------------------------------------------------------------------

---------------------------------------------------------------------------------------
Net: A[10]                                 |Net: A[10]                                 
  zlc_4bit/A[2] = 1                        |  zlc_4bit/A[2] = 1                        
                                           |                                           
Net: A[14]                                 |Net: A[14]                                 
  zlc_4bit/A[2] = 1                        |  zlc_4bit/A[2] = 1                        
---------------------------------------------------------------------------------------

---------------------------------------------------------------------------------------
Net: A[11]                                 |Net: A[11]                                 
  zlc_4bit/A[3] = 1                        |  zlc_4bit/A[3] = 1                        
                                           |                                           
Net: A[15]                                 |Net: A[15]                                 
  zlc_4bit/A[3] = 1                        |  zlc_4bit/A[3] = 1                        
---------------------------------------------------------------------------------------

---------------------------------------------------------------------------------------
Net: GND                                   |Net: GND                                   
  sky130_fd_sc_hd__and4_1/VGND = 1         |  sky130_fd_sc_hd__and4_1/VGND = 1         
  sky130_fd_sc_hd__and4_1/VNB = 1          |  sky130_fd_sc_hd__and4_1/VNB = 1          
  sky130_fd_sc_hd__nand2_1/VGND = 1        |  sky130_fd_sc_hd__nand2_1/VGND = 1        
  sky130_fd_sc_hd__nand2_1/VNB = 1         |  sky130_fd_sc_hd__nand2_1/VNB = 1         
  sky130_fd_sc_hd__and3_1/VGND = 1         |  sky130_fd_sc_hd__and3_1/VGND = 1         
  sky130_fd_sc_hd__and3_1/VNB = 1          |  sky130_fd_sc_hd__and3_1/VNB = 1          
  sky130_fd_sc_hd__inv_1/VGND = 2          |  sky130_fd_sc_hd__inv_1/VGND = 2          
  sky130_fd_sc_hd__inv_1/VNB = 2           |  sky130_fd_sc_hd__inv_1/VNB = 2           
  sky130_fd_sc_hd__and2_1/VGND = 2         |  sky130_fd_sc_hd__and2_1/VGND = 2         
  sky130_fd_sc_hd__and2_1/VNB = 2          |  sky130_fd_sc_hd__and2_1/VNB = 2          
  sky130_fd_sc_hd__or2_1/VGND = 1          |  sky130_fd_sc_hd__or2_1/VGND = 1          
  sky130_fd_sc_hd__or2_1/VNB = 1           |  sky130_fd_sc_hd__or2_1/VNB = 1           
  sky130_fd_sc_hd__mux2_1/VGND = 6         |  sky130_fd_sc_hd__mux2_1/VGND = 6         
  sky130_fd_sc_hd__mux2_1/VNB = 6          |  sky130_fd_sc_hd__mux2_1/VNB = 6          
  zlc_4bit/GND = 4                         |  zlc_4bit/GND = 4                         
                                           |                                           
Net: VDD                                   |Net: VDD                                   
  sky130_fd_sc_hd__and4_1/VPB = 1          |  sky130_fd_sc_hd__and4_1/VPB = 1          
  sky130_fd_sc_hd__and4_1/VPWR = 1         |  sky130_fd_sc_hd__and4_1/VPWR = 1         
  sky130_fd_sc_hd__nand2_1/VPB = 1         |  sky130_fd_sc_hd__nand2_1/VPB = 1         
  sky130_fd_sc_hd__nand2_1/VPWR = 1        |  sky130_fd_sc_hd__nand2_1/VPWR = 1        
  sky130_fd_sc_hd__and3_1/VPB = 1          |  sky130_fd_sc_hd__and3_1/VPB = 1          
  sky130_fd_sc_hd__and3_1/VPWR = 1         |  sky130_fd_sc_hd__and3_1/VPWR = 1         
  sky130_fd_sc_hd__inv_1/VPB = 2           |  sky130_fd_sc_hd__inv_1/VPB = 2           
  sky130_fd_sc_hd__inv_1/VPWR = 2          |  sky130_fd_sc_hd__inv_1/VPWR = 2          
  sky130_fd_sc_hd__and2_1/VPB = 2          |  sky130_fd_sc_hd__and2_1/VPB = 2          
  sky130_fd_sc_hd__and2_1/VPWR = 2         |  sky130_fd_sc_hd__and2_1/VPWR = 2         
  sky130_fd_sc_hd__or2_1/VPB = 1           |  sky130_fd_sc_hd__or2_1/VPB = 1           
  sky130_fd_sc_hd__or2_1/VPWR = 1          |  sky130_fd_sc_hd__or2_1/VPWR = 1          
  sky130_fd_sc_hd__mux2_1/VPB = 6          |  sky130_fd_sc_hd__mux2_1/VPB = 6          
  sky130_fd_sc_hd__mux2_1/VPWR = 6         |  sky130_fd_sc_hd__mux2_1/VPWR = 6         
  zlc_4bit/VDD = 4                         |  zlc_4bit/VDD = 4                         
---------------------------------------------------------------------------------------

---------------------------------------------------------------------------------------
Net: Z1[2]                                 |Net: x6/A                                  
  sky130_fd_sc_hd__and4_1/C = 1            |  sky130_fd_sc_hd__and4_1/C = 1            
  sky130_fd_sc_hd__nand2_1/A = 1           |  sky130_fd_sc_hd__nand2_1/A = 1           
  sky130_fd_sc_hd__and2_1/A = 1            |  sky130_fd_sc_hd__and2_1/B = 1            
  zlc_4bit/Z[2] = 1                        |  zlc_4bit/Z[2] = 1                        
---------------------------------------------------------------------------------------

---------------------------------------------------------------------------------------
Net: Z3[2]                                 |Net: x7/A                                  
  sky130_fd_sc_hd__and4_1/A = 1            |  sky130_fd_sc_hd__and4_1/A = 1            
  sky130_fd_sc_hd__and3_1/A = 1            |  sky130_fd_sc_hd__and3_1/A = 1            
  sky130_fd_sc_hd__and2_1/A = 1            |  sky130_fd_sc_hd__and2_1/A = 1            
  zlc_4bit/Z[2] = 1                        |  zlc_4bit/Z[2] = 1                        
---------------------------------------------------------------------------------------

---------------------------------------------------------------------------------------
Net: Z2[2]                                 |Net: x8/A                                  
  sky130_fd_sc_hd__and4_1/B = 1            |  sky130_fd_sc_hd__and4_1/B = 1            
  sky130_fd_sc_hd__and3_1/B = 1            |  sky130_fd_sc_hd__and3_1/B = 1            
  sky130_fd_sc_hd__inv_1/A = 1             |  sky130_fd_sc_hd__inv_1/A = 1             
  zlc_4bit/Z[2] = 1                        |  zlc_4bit/Z[2] = 1                        
---------------------------------------------------------------------------------------
DEVICE mismatches: Class fragments follow (with node fanout counts):
Circuit 1: zlc_16bit                       |Circuit 2: zlc_16bit                       

---------------------------------------------------------------------------------------
Instance: zlc_4bit:1                       |Instance: zlc_4bit:x1                      
  Z[2] = 4                                 |  Z[2] = 4                                 
  Z[1] = 2                                 |  Z[1] = 2                                 
  Z[0] = 2                                 |  Z[0] = 2                                 
  A[3] = 1                                 |  A[3] = 1                                 
  A[2] = 1                                 |  A[2] = 1                                 
  A[1] = 1                                 |  A[1] = 1                                 
  A[0] = 1                                 |  A[0] = 1                                 
  VDD = 32                                 |  VDD = 32                                 
  GND = 32                                 |  GND = 32                                 
                                           |                                           
Instance: zlc_4bit:2                       |Instance: zlc_4bit:x2                      
  Z[2] = 4                                 |  Z[2] = 4                                 
  Z[1] = 2                                 |  Z[1] = 2                                 
  Z[0] = 2                                 |  Z[0] = 2                                 
  A[3] = 1                                 |  A[3] = 1                                 
  A[2] = 1                                 |  A[2] = 1                                 
  A[1] = 1                                 |  A[1] = 1                                 
  A[0] = 1                                 |  A[0] = 1                                 
  VDD = 32                                 |  VDD = 32                                 
  GND = 32                                 |  GND = 32                                 
---------------------------------------------------------------------------------------

---------------------------------------------------------------------------------------
Instance: sky130_fd_sc_hd__and2_1:12       |Instance: sky130_fd_sc_hd__and2_1:x10      
  A = 4                                    |  A = 2                                    
  B = 2                                    |  B = 4                                    
  VGND = 32                                |  VGND = 32                                
  VNB = 32                                 |  VNB = 32                                 
  VPB = 32                                 |  VPB = 32                                 
  VPWR = 32                                |  VPWR = 32                                
  X = 2                                    |  X = 2                                    
---------------------------------------------------------------------------------------
Netlists do not match.
Port matching may fail to disambiguate symmetries.

Subcircuit pins:
Circuit 1: zlc_16bit                       |Circuit 2: zlc_16bit                       
-------------------------------------------|-------------------------------------------
A[8]                                       |A[8]                                       
A[12]                                      |A[12]                                      
A[4]                                       |A[4]                                       
A[0]                                       |A[0]                                       
A[9]                                       |A[9]                                       
A[13]                                      |A[13]                                      
A[5]                                       |A[5]                                       
A[1]                                       |A[1]                                       
A[10]                                      |A[10]                                      
A[14]                                      |A[14]                                      
A[6]                                       |A[6]                                       
A[2]                                       |A[2]                                       
A[11]                                      |A[11]                                      
A[15]                                      |A[15]                                      
A[7]                                       |A[7]                                       
A[3]                                       |A[3]                                       
Y[0]                                       |Y[0]                                       
Y[1]                                       |Y[1]                                       
Y[4]                                       |Y[4]                                       
Y[2]                                       |Y[2]                                       
Y[3]                                       |Y[3]                                       
VDD                                        |GND **Mismatch**                           
GND                                        |VDD **Mismatch**                           
---------------------------------------------------------------------------------------
Cell pin lists for zlc_16bit and zlc_16bit altered to match.
Device classes zlc_16bit and zlc_16bit are equivalent.

Final result: Top level cell failed pin matching.
-----------------------------------------
Finish comparing spice netlist of zlc_16bit between:
Circuit 1: /home/me/sky130_zlc_4bit/xschem/zlc_16bit.spice (last modified: 2026-06-19 21:10:09)
Circuit 2: /home/me/sky130_zlc_4bit/magic/zlc_16bit.spice (last modified: 2026-06-22 18:25:59)
Final result: Circuits mismatch!
Report file: zlc_16bit.log
-----------------------------------------
